{"J:\\Projets\\WebStorm\\BasePackageNode\\src\\core\\function.js":{"path":"J:\\Projets\\WebStorm\\BasePackageNode\\src\\core\\function.js","s":{"1":1,"2":0,"3":1,"4":0,"5":0},"b":{"1":[0,0]},"f":{"1":0,"2":0},"fnMap":{"1":{"name":"(anonymous_1)","line":2,"loc":{"start":{"line":2,"column":17},"end":{"line":2,"column":33}}},"2":{"name":"(anonymous_2)","line":6,"loc":{"start":{"line":6,"column":22},"end":{"line":6,"column":38}}}},"statementMap":{"1":{"start":{"line":2,"column":0},"end":{"line":4,"column":2}},"2":{"start":{"line":3,"column":4},"end":{"line":3,"column":25}},"3":{"start":{"line":6,"column":0},"end":{"line":9,"column":2}},"4":{"start":{"line":7,"column":4},"end":{"line":7,"column":35}},"5":{"start":{"line":8,"column":4},"end":{"line":8,"column":35}}},"branchMap":{"1":{"line":8,"type":"cond-expr","locations":[{"start":{"line":8,"column":25},"end":{"line":8,"column":27}},{"start":{"line":8,"column":28},"end":{"line":8,"column":34}}]}}}}